TN:
SF:/Users/calvinwiebe/dev/karma-coverage-test/client/index.coffee
FNF:0
FNH:0
DA:1,1
DA:3,1
LF:2
LH:2
BRF:0
BRH:0
end_of_record
TN:
SF:/Users/calvinwiebe/dev/karma-coverage-test/client/animals.coffee
FN:2,(anonymous_1)
FN:2,ctor
FN:5,(anonymous_3)
FN:6,Animal
FN:12,(anonymous_5)
FN:15,Dog
FNF:6
FNH:4
FNDA:1,(anonymous_1)
FNDA:1,ctor
FNDA:1,(anonymous_3)
FNDA:0,Animal
FNDA:1,(anonymous_5)
FNDA:0,Dog
DA:1,1
DA:2,1
DA:5,1
DA:6,1
DA:8,1
DA:12,1
DA:13,1
DA:15,1
DA:16,0
DA:19,1
LF:10
LH:9
BRDA:2,1,0,0
BRDA:2,1,1,0
BRF:2
BRH:0
end_of_record
TN:
SF:/Users/calvinwiebe/dev/karma-coverage-test/client/math.coffee
FN:1,(anonymous_1)
FN:5,(anonymous_2)
FN:9,(anonymous_3)
FN:11,(anonymous_4)
FNF:4
FNH:3
FNDA:1,(anonymous_1)
FNDA:1,(anonymous_2)
FNDA:0,(anonymous_3)
FNDA:1,(anonymous_4)
DA:1,2
DA:2,1
DA:5,2
DA:6,1
DA:9,2
DA:11,2
DA:12,1
DA:13,1
DA:17,1
DA:18,1
DA:20,0
DA:21,0
LF:12
LH:10
BRDA:17,1,0,1
BRDA:17,1,1,0
BRF:2
BRH:1
end_of_record
